[2016-11-22 23:34:12,959] multiqc                                            [DEBUG  ]  No MultiQC config found: /usr/local/lib/python2.7/site-packages/multiqc_config.yaml
[2016-11-22 23:34:12,959] multiqc                                            [DEBUG  ]  No MultiQC config found: /Users/ufo/.multiqc_config.yaml
[2016-11-22 23:34:12,959] multiqc                                            [DEBUG  ]  No MultiQC config found: multiqc_config.yaml
[2016-11-22 23:34:12,960] multiqc                                            [DEBUG  ]  No MultiQC config found: /usr/local/lib/python2.7/site-packages/multiqc_config.yaml
[2016-11-22 23:34:12,960] multiqc                                            [DEBUG  ]  No MultiQC config found: /Users/ufo/.multiqc_config.yaml
[2016-11-22 23:34:12,960] multiqc                                            [DEBUG  ]  No MultiQC config found: multiqc_config.yaml
[2016-11-22 23:34:12,960] multiqc                                            [DEBUG  ]  Command used: /usr/local/bin/multiqc fastqc_merged/ -o multiqc_merged/
[2016-11-22 23:34:12,960] multiqc                                            [DEBUG  ]  Could not connect to multiqc.info for version check
[2016-11-22 23:34:12,960] multiqc                                            [INFO   ]  This is MultiQC v0.8
[2016-11-22 23:34:12,960] multiqc                                            [DEBUG  ]  Command     : /usr/local/bin/multiqc fastqc_merged/ -o multiqc_merged/
[2016-11-22 23:34:12,960] multiqc                                            [DEBUG  ]  Working dir : /Users/ufo/Desktop/p2p/data/fastqc_output
[2016-11-22 23:34:12,960] multiqc                                            [INFO   ]  Template    : default
[2016-11-22 23:34:12,960] multiqc                                            [INFO   ]  Searching 'fastqc_merged/'
[2016-11-22 23:34:12,961] multiqc                                            [DEBUG  ]  Analysing modules: gatk, quast, snpeff, qualimap, bcftools, featureCounts, methylQA, rseqc, picard, preseq, samblaster, samtools, bamtools, bismark, hicup, salmon, kallisto, star, tophat, bowtie2, bowtie1, cutadapt, trimmomatic, skewer, fastq_screen, fastqc
[2016-11-22 23:34:12,961] multiqc                                            [DEBUG  ]  Using temporary directory for creating report: /var/folders/s1/7hqkd8bj4pjc8rvxncf_97_m0000gq/T/tmppOvxWX
[2016-11-22 23:34:13,004] multiqc.modules.gatk.gatk                          [DEBUG  ]  Could not find any reports in ('fastqc_merged/',)
[2016-11-22 23:34:13,008] multiqc.modules.quast.quast                        [DEBUG  ]  Could not find any reports in ('fastqc_merged/',)
[2016-11-22 23:34:13,054] multiqc.modules.snpeff.snpeff                      [DEBUG  ]  Could not find any data in ('fastqc_merged/',)
[2016-11-22 23:34:13,064] multiqc.modules.qualimap.qualimap                  [DEBUG  ]  Could not find any reports in ('fastqc_merged/',)
[2016-11-22 23:34:13,095] multiqc.modules.bcftools.bcftools                  [DEBUG  ]  Could not find any reports in ('fastqc_merged/',)
[2016-11-22 23:34:13,098] multiqc.modules.featureCounts.feature_counts       [DEBUG  ]  Could not find any reports in ('fastqc_merged/',)
[2016-11-22 23:34:13,100] multiqc.modules.methylQA.methylQA                  [DEBUG  ]  Could not find any reports in ('fastqc_merged/',)
[2016-11-22 23:34:13,230] multiqc.modules.rseqc.rseqc                        [DEBUG  ]  Could not find any reports in ('fastqc_merged/',)
[2016-11-22 23:34:13,474] multiqc.modules.picard.picard                      [DEBUG  ]  Could not find any reports in ('fastqc_merged/',)
[2016-11-22 23:34:13,504] multiqc.modules.preseq.preseq                      [DEBUG  ]  Could not find any preseq data in ('fastqc_merged/',)
[2016-11-22 23:34:13,534] multiqc.modules.samblaster.samblaster              [DEBUG  ]  Could not find any data in ('fastqc_merged/',)
[2016-11-22 23:34:13,592] multiqc.modules.samtools.samtools                  [DEBUG  ]  Could not find any reports in ('fastqc_merged/',)
[2016-11-22 23:34:13,622] multiqc.modules.bamtools.bamtools                  [DEBUG  ]  Could not find any reports in ('fastqc_merged/',)
[2016-11-22 23:34:13,629] multiqc.modules.bismark.bismark                    [DEBUG  ]  Could not find any reports in ('fastqc_merged/',)
[2016-11-22 23:34:13,633] multiqc.modules.hicup.hicup                        [DEBUG  ]  Could not find any HiCUP data in ('fastqc_merged/',)
[2016-11-22 23:34:13,637] multiqc.modules.salmon.salmon                      [DEBUG  ]  Could not find any Salmon data in ('fastqc_merged/',)
[2016-11-22 23:34:13,666] multiqc.modules.kallisto.kallisto                  [DEBUG  ]  Could not find any reports in ('fastqc_merged/',)
[2016-11-22 23:34:13,670] multiqc.modules.star.star                          [DEBUG  ]  Could not find any reports in ('fastqc_merged/',)
[2016-11-22 23:34:13,673] multiqc.modules.tophat.tophat                      [DEBUG  ]  Could not find any reports in ('fastqc_merged/',)
[2016-11-22 23:34:13,702] multiqc.modules.bowtie2.bowtie2                    [DEBUG  ]  Could not find any reports in ('fastqc_merged/',)
[2016-11-22 23:34:13,750] multiqc.modules.bowtie1.bowtie1                    [DEBUG  ]  Could not find any reports in ('fastqc_merged/',)
[2016-11-22 23:34:13,783] multiqc.modules.cutadapt.cutadapt                  [DEBUG  ]  Could not find any reports in ('fastqc_merged/',)
[2016-11-22 23:34:13,824] multiqc.modules.trimmomatic.trimmomatic            [DEBUG  ]  Could not find any Trimmomatic data in ('fastqc_merged/',)
[2016-11-22 23:34:13,851] multiqc.modules.skewer.skewer                      [DEBUG  ]  Could not find any data in ('fastqc_merged/',)
[2016-11-22 23:34:13,854] multiqc.modules.fastq_screen.fastq_screen          [DEBUG  ]  Could not find any reports in ('fastqc_merged/',)
[2016-11-22 23:34:14,182] multiqc.modules.fastqc.fastqc                      [INFO   ]  Found 7 reports
[2016-11-22 23:34:14,943] multiqc                                            [INFO   ]  Report      : multiqc_merged/multiqc_report.html
[2016-11-22 23:34:14,943] multiqc                                            [INFO   ]  Data        : multiqc_merged/multiqc_data
[2016-11-22 23:34:14,943] multiqc                                            [DEBUG  ]  Moving data file from '/var/folders/s1/7hqkd8bj4pjc8rvxncf_97_m0000gq/T/tmppOvxWX/multiqc_data/multiqc_fastqc.txt' to 'multiqc_merged/multiqc_data'
[2016-11-22 23:34:14,943] multiqc                                            [DEBUG  ]  Moving data file from '/var/folders/s1/7hqkd8bj4pjc8rvxncf_97_m0000gq/T/tmppOvxWX/multiqc_data/multiqc_general_stats.txt' to 'multiqc_merged/multiqc_data'
[2016-11-22 23:34:14,944] multiqc                                            [DEBUG  ]  Moving data file from '/var/folders/s1/7hqkd8bj4pjc8rvxncf_97_m0000gq/T/tmppOvxWX/multiqc_data/multiqc_sources.txt' to 'multiqc_merged/multiqc_data'
[2016-11-22 23:34:15,103] multiqc                                            [INFO   ]  MultiQC complete
