[2016-11-22 22:11:45,562] multiqc                                            [DEBUG  ]  No MultiQC config found: /usr/local/lib/python2.7/site-packages/multiqc_config.yaml
[2016-11-22 22:11:45,563] multiqc                                            [DEBUG  ]  No MultiQC config found: /Users/ufo/.multiqc_config.yaml
[2016-11-22 22:11:45,563] multiqc                                            [DEBUG  ]  No MultiQC config found: multiqc_config.yaml
[2016-11-22 22:11:45,563] multiqc                                            [DEBUG  ]  No MultiQC config found: /usr/local/lib/python2.7/site-packages/multiqc_config.yaml
[2016-11-22 22:11:45,563] multiqc                                            [DEBUG  ]  No MultiQC config found: /Users/ufo/.multiqc_config.yaml
[2016-11-22 22:11:45,563] multiqc                                            [DEBUG  ]  No MultiQC config found: multiqc_config.yaml
[2016-11-22 22:11:45,563] multiqc                                            [DEBUG  ]  Command used: /usr/local/bin/multiqc fastqc_paired/
[2016-11-22 22:11:45,563] multiqc                                            [DEBUG  ]  Could not connect to multiqc.info for version check
[2016-11-22 22:11:45,564] multiqc                                            [INFO   ]  This is MultiQC v0.8
[2016-11-22 22:11:45,564] multiqc                                            [DEBUG  ]  Command     : /usr/local/bin/multiqc fastqc_paired/
[2016-11-22 22:11:45,564] multiqc                                            [DEBUG  ]  Working dir : /Users/ufo/Desktop/p2p/data
[2016-11-22 22:11:45,564] multiqc                                            [INFO   ]  Template    : default
[2016-11-22 22:11:45,564] multiqc                                            [INFO   ]  Searching 'fastqc_paired/'
[2016-11-22 22:11:45,564] multiqc                                            [DEBUG  ]  Analysing modules: gatk, quast, snpeff, qualimap, bcftools, featureCounts, methylQA, rseqc, picard, preseq, samblaster, samtools, bamtools, bismark, hicup, salmon, kallisto, star, tophat, bowtie2, bowtie1, cutadapt, trimmomatic, skewer, fastq_screen, fastqc
[2016-11-22 22:11:45,564] multiqc                                            [DEBUG  ]  Using temporary directory for creating report: /var/folders/s1/7hqkd8bj4pjc8rvxncf_97_m0000gq/T/tmp3dFmuN
[2016-11-22 22:11:45,660] multiqc.modules.gatk.gatk                          [DEBUG  ]  Could not find any reports in ('fastqc_paired/',)
[2016-11-22 22:11:45,670] multiqc.modules.quast.quast                        [DEBUG  ]  Could not find any reports in ('fastqc_paired/',)
[2016-11-22 22:11:45,731] multiqc.modules.snpeff.snpeff                      [DEBUG  ]  Could not find any data in ('fastqc_paired/',)
[2016-11-22 22:11:45,755] multiqc.modules.qualimap.qualimap                  [DEBUG  ]  Could not find any reports in ('fastqc_paired/',)
[2016-11-22 22:11:45,818] multiqc.modules.bcftools.bcftools                  [DEBUG  ]  Could not find any reports in ('fastqc_paired/',)
[2016-11-22 22:11:45,823] multiqc.modules.featureCounts.feature_counts       [DEBUG  ]  Could not find any reports in ('fastqc_paired/',)
[2016-11-22 22:11:45,828] multiqc.modules.methylQA.methylQA                  [DEBUG  ]  Could not find any reports in ('fastqc_paired/',)
[2016-11-22 22:11:46,059] multiqc.modules.rseqc.rseqc                        [DEBUG  ]  Could not find any reports in ('fastqc_paired/',)
[2016-11-22 22:11:46,474] multiqc.modules.picard.picard                      [DEBUG  ]  Could not find any reports in ('fastqc_paired/',)
[2016-11-22 22:11:46,534] multiqc.modules.preseq.preseq                      [DEBUG  ]  Could not find any preseq data in ('fastqc_paired/',)
[2016-11-22 22:11:46,595] multiqc.modules.samblaster.samblaster              [DEBUG  ]  Could not find any data in ('fastqc_paired/',)
[2016-11-22 22:11:46,719] multiqc.modules.samtools.samtools                  [DEBUG  ]  Could not find any reports in ('fastqc_paired/',)
[2016-11-22 22:11:46,777] multiqc.modules.bamtools.bamtools                  [DEBUG  ]  Could not find any reports in ('fastqc_paired/',)
[2016-11-22 22:11:46,787] multiqc.modules.bismark.bismark                    [DEBUG  ]  Could not find any reports in ('fastqc_paired/',)
[2016-11-22 22:11:46,797] multiqc.modules.hicup.hicup                        [DEBUG  ]  Could not find any HiCUP data in ('fastqc_paired/',)
[2016-11-22 22:11:46,806] multiqc.modules.salmon.salmon                      [DEBUG  ]  Could not find any Salmon data in ('fastqc_paired/',)
[2016-11-22 22:11:46,872] multiqc.modules.kallisto.kallisto                  [DEBUG  ]  Could not find any reports in ('fastqc_paired/',)
[2016-11-22 22:11:46,876] multiqc.modules.star.star                          [DEBUG  ]  Could not find any reports in ('fastqc_paired/',)
[2016-11-22 22:11:46,881] multiqc.modules.tophat.tophat                      [DEBUG  ]  Could not find any reports in ('fastqc_paired/',)
[2016-11-22 22:11:46,940] multiqc.modules.bowtie2.bowtie2                    [DEBUG  ]  Could not find any reports in ('fastqc_paired/',)
[2016-11-22 22:11:47,014] multiqc.modules.bowtie1.bowtie1                    [DEBUG  ]  Could not find any reports in ('fastqc_paired/',)
[2016-11-22 22:11:47,068] multiqc.modules.cutadapt.cutadapt                  [DEBUG  ]  Could not find any reports in ('fastqc_paired/',)
[2016-11-22 22:11:47,127] multiqc.modules.trimmomatic.trimmomatic            [DEBUG  ]  Could not find any Trimmomatic data in ('fastqc_paired/',)
[2016-11-22 22:11:47,183] multiqc.modules.skewer.skewer                      [DEBUG  ]  Could not find any data in ('fastqc_paired/',)
[2016-11-22 22:11:47,189] multiqc.modules.fastq_screen.fastq_screen          [DEBUG  ]  Could not find any reports in ('fastqc_paired/',)
[2016-11-22 22:11:47,780] multiqc.modules.fastqc.fastqc                      [INFO   ]  Found 14 reports
[2016-11-22 22:11:48,890] multiqc                                            [INFO   ]  Report      : multiqc_report.html
[2016-11-22 22:11:48,891] multiqc                                            [INFO   ]  Data        : multiqc_data
[2016-11-22 22:11:48,891] multiqc                                            [DEBUG  ]  Moving data file from '/var/folders/s1/7hqkd8bj4pjc8rvxncf_97_m0000gq/T/tmp3dFmuN/multiqc_data/multiqc_fastqc.txt' to '/Users/ufo/Desktop/p2p/data/multiqc_data'
[2016-11-22 22:11:48,891] multiqc                                            [DEBUG  ]  Moving data file from '/var/folders/s1/7hqkd8bj4pjc8rvxncf_97_m0000gq/T/tmp3dFmuN/multiqc_data/multiqc_general_stats.txt' to '/Users/ufo/Desktop/p2p/data/multiqc_data'
[2016-11-22 22:11:48,891] multiqc                                            [DEBUG  ]  Moving data file from '/var/folders/s1/7hqkd8bj4pjc8rvxncf_97_m0000gq/T/tmp3dFmuN/multiqc_data/multiqc_sources.txt' to '/Users/ufo/Desktop/p2p/data/multiqc_data'
[2016-11-22 22:11:49,066] multiqc                                            [INFO   ]  MultiQC complete
