[2016-11-23 00:08:00,846] multiqc                                            [DEBUG  ]  No MultiQC config found: /usr/local/lib/python2.7/site-packages/multiqc_config.yaml
[2016-11-23 00:08:00,846] multiqc                                            [DEBUG  ]  No MultiQC config found: /Users/ufo/.multiqc_config.yaml
[2016-11-23 00:08:00,846] multiqc                                            [DEBUG  ]  No MultiQC config found: multiqc_config.yaml
[2016-11-23 00:08:00,846] multiqc                                            [DEBUG  ]  No MultiQC config found: /usr/local/lib/python2.7/site-packages/multiqc_config.yaml
[2016-11-23 00:08:00,846] multiqc                                            [DEBUG  ]  No MultiQC config found: /Users/ufo/.multiqc_config.yaml
[2016-11-23 00:08:00,846] multiqc                                            [DEBUG  ]  No MultiQC config found: multiqc_config.yaml
[2016-11-23 00:08:00,846] multiqc                                            [DEBUG  ]  Command used: /usr/local/bin/multiqc fastqc_qual_filt/ -o multiqc_qual_filt/
[2016-11-23 00:08:00,846] multiqc                                            [DEBUG  ]  Could not connect to multiqc.info for version check
[2016-11-23 00:08:00,846] multiqc                                            [INFO   ]  This is MultiQC v0.8
[2016-11-23 00:08:00,846] multiqc                                            [DEBUG  ]  Command     : /usr/local/bin/multiqc fastqc_qual_filt/ -o multiqc_qual_filt/
[2016-11-23 00:08:00,846] multiqc                                            [DEBUG  ]  Working dir : /Users/ufo/Desktop/p2p/data/fastqc_output
[2016-11-23 00:08:00,846] multiqc                                            [INFO   ]  Template    : default
[2016-11-23 00:08:00,847] multiqc                                            [INFO   ]  Searching 'fastqc_qual_filt/'
[2016-11-23 00:08:00,847] multiqc                                            [DEBUG  ]  Analysing modules: gatk, quast, snpeff, qualimap, bcftools, featureCounts, methylQA, rseqc, picard, preseq, samblaster, samtools, bamtools, bismark, hicup, salmon, kallisto, star, tophat, bowtie2, bowtie1, cutadapt, trimmomatic, skewer, fastq_screen, fastqc
[2016-11-23 00:08:00,847] multiqc                                            [DEBUG  ]  Using temporary directory for creating report: /var/folders/s1/7hqkd8bj4pjc8rvxncf_97_m0000gq/T/tmpLDVnBA
[2016-11-23 00:08:00,957] multiqc.modules.gatk.gatk                          [DEBUG  ]  Could not find any reports in ('fastqc_qual_filt/',)
[2016-11-23 00:08:00,961] multiqc.modules.quast.quast                        [DEBUG  ]  Could not find any reports in ('fastqc_qual_filt/',)
[2016-11-23 00:08:00,991] multiqc.modules.snpeff.snpeff                      [DEBUG  ]  Could not find any data in ('fastqc_qual_filt/',)
[2016-11-23 00:08:01,000] multiqc.modules.qualimap.qualimap                  [DEBUG  ]  Could not find any reports in ('fastqc_qual_filt/',)
[2016-11-23 00:08:01,029] multiqc.modules.bcftools.bcftools                  [DEBUG  ]  Could not find any reports in ('fastqc_qual_filt/',)
[2016-11-23 00:08:01,032] multiqc.modules.featureCounts.feature_counts       [DEBUG  ]  Could not find any reports in ('fastqc_qual_filt/',)
[2016-11-23 00:08:01,036] multiqc.modules.methylQA.methylQA                  [DEBUG  ]  Could not find any reports in ('fastqc_qual_filt/',)
[2016-11-23 00:08:01,171] multiqc.modules.rseqc.rseqc                        [DEBUG  ]  Could not find any reports in ('fastqc_qual_filt/',)
[2016-11-23 00:08:01,403] multiqc.modules.picard.picard                      [DEBUG  ]  Could not find any reports in ('fastqc_qual_filt/',)
[2016-11-23 00:08:01,432] multiqc.modules.preseq.preseq                      [DEBUG  ]  Could not find any preseq data in ('fastqc_qual_filt/',)
[2016-11-23 00:08:01,461] multiqc.modules.samblaster.samblaster              [DEBUG  ]  Could not find any data in ('fastqc_qual_filt/',)
[2016-11-23 00:08:01,524] multiqc.modules.samtools.samtools                  [DEBUG  ]  Could not find any reports in ('fastqc_qual_filt/',)
[2016-11-23 00:08:01,553] multiqc.modules.bamtools.bamtools                  [DEBUG  ]  Could not find any reports in ('fastqc_qual_filt/',)
[2016-11-23 00:08:01,561] multiqc.modules.bismark.bismark                    [DEBUG  ]  Could not find any reports in ('fastqc_qual_filt/',)
[2016-11-23 00:08:01,566] multiqc.modules.hicup.hicup                        [DEBUG  ]  Could not find any HiCUP data in ('fastqc_qual_filt/',)
[2016-11-23 00:08:01,571] multiqc.modules.salmon.salmon                      [DEBUG  ]  Could not find any Salmon data in ('fastqc_qual_filt/',)
[2016-11-23 00:08:01,604] multiqc.modules.kallisto.kallisto                  [DEBUG  ]  Could not find any reports in ('fastqc_qual_filt/',)
[2016-11-23 00:08:01,607] multiqc.modules.star.star                          [DEBUG  ]  Could not find any reports in ('fastqc_qual_filt/',)
[2016-11-23 00:08:01,610] multiqc.modules.tophat.tophat                      [DEBUG  ]  Could not find any reports in ('fastqc_qual_filt/',)
[2016-11-23 00:08:01,638] multiqc.modules.bowtie2.bowtie2                    [DEBUG  ]  Could not find any reports in ('fastqc_qual_filt/',)
[2016-11-23 00:08:01,686] multiqc.modules.bowtie1.bowtie1                    [DEBUG  ]  Could not find any reports in ('fastqc_qual_filt/',)
[2016-11-23 00:08:01,720] multiqc.modules.cutadapt.cutadapt                  [DEBUG  ]  Could not find any reports in ('fastqc_qual_filt/',)
[2016-11-23 00:08:01,756] multiqc.modules.trimmomatic.trimmomatic            [DEBUG  ]  Could not find any Trimmomatic data in ('fastqc_qual_filt/',)
[2016-11-23 00:08:01,786] multiqc.modules.skewer.skewer                      [DEBUG  ]  Could not find any data in ('fastqc_qual_filt/',)
[2016-11-23 00:08:01,789] multiqc.modules.fastq_screen.fastq_screen          [DEBUG  ]  Could not find any reports in ('fastqc_qual_filt/',)
[2016-11-23 00:08:02,162] multiqc.modules.fastqc.fastqc                      [INFO   ]  Found 7 reports
[2016-11-23 00:08:03,630] multiqc                                            [INFO   ]  Report      : multiqc_qual_filt/multiqc_report.html
[2016-11-23 00:08:03,631] multiqc                                            [INFO   ]  Data        : multiqc_qual_filt/multiqc_data
[2016-11-23 00:08:03,631] multiqc                                            [DEBUG  ]  Moving data file from '/var/folders/s1/7hqkd8bj4pjc8rvxncf_97_m0000gq/T/tmpLDVnBA/multiqc_data/multiqc_fastqc.txt' to 'multiqc_qual_filt/multiqc_data'
[2016-11-23 00:08:03,631] multiqc                                            [DEBUG  ]  Moving data file from '/var/folders/s1/7hqkd8bj4pjc8rvxncf_97_m0000gq/T/tmpLDVnBA/multiqc_data/multiqc_general_stats.txt' to 'multiqc_qual_filt/multiqc_data'
[2016-11-23 00:08:03,631] multiqc                                            [DEBUG  ]  Moving data file from '/var/folders/s1/7hqkd8bj4pjc8rvxncf_97_m0000gq/T/tmpLDVnBA/multiqc_data/multiqc_sources.txt' to 'multiqc_qual_filt/multiqc_data'
[2016-11-23 00:08:03,941] multiqc                                            [INFO   ]  MultiQC complete
